<?xml version="1.0" encoding="UTF-8"?>
<!-- Generated by org.testng.reporters.JUnitReportReporter -->
<testsuite hostname="DESKTOP-SV05B4K" failures="0" tests="1" name="test.FileUploadValidation" time="35.248" errors="0" timestamp="2024-12-16T11:20:44 IST" skipped="0">
  <testcase classname="test.FileUploadValidation" name="FileUpload" time="35.248"/>
</testsuite> <!-- test.FileUploadValidation -->
