<?xml version="1.0" encoding="UTF-8"?>
<!-- Generated by org.testng.reporters.JUnitReportReporter -->
<testsuite hostname="DESKTOP-SV05B4K" failures="0" tests="1" name="test.NegativeScenario" time="16.245" errors="0" timestamp="2024-12-18T17:13:14 IST" skipped="0">
  <testcase classname="test.NegativeScenario" name="signupsamedata" time="16.245"/>
  <system-out/>
</testsuite> <!-- test.NegativeScenario -->
