<?xml version="1.0" encoding="UTF-8"?>
<!-- Generated by org.testng.reporters.JUnitReportReporter -->
<testsuite hostname="DESKTOP-SV05B4K" failures="0" tests="1" name="test.DashBoardValidation" time="27.182" errors="0" timestamp="2024-12-16T09:46:13 IST" skipped="0">
  <testcase classname="test.DashBoardValidation" name="Dashboard" time="27.182"/>
</testsuite> <!-- test.DashBoardValidation -->
