<?xml version="1.0" encoding="UTF-8"?>
<!-- Generated by org.testng.reporters.JUnitReportReporter -->
<testsuite hostname="DESKTOP-SV05B4K" failures="0" tests="1" name="test.AppStoreValidation" time="14.698" errors="0" timestamp="2024-12-11T12:25:19 IST" skipped="0">
  <testcase classname="test.AppStoreValidation" name="Plumvision" time="14.698"/>
</testsuite> <!-- test.AppStoreValidation -->
