<?xml version="1.0" encoding="UTF-8"?>
<!-- Generated by org.testng.reporters.JUnitReportReporter -->
<testsuite hostname="DESKTOP-SV05B4K" failures="0" tests="1" name="test.SignUpValidation" time="13.145" errors="0" timestamp="2024-12-11T12:08:23 IST" skipped="0">
  <testcase classname="test.SignUpValidation" name="SignUp" time="13.145"/>
</testsuite> <!-- test.SignUpValidation -->
