<?xml version="1.0" encoding="UTF-8"?>
<!-- Generated by org.testng.reporters.JUnitReportReporter -->
<testsuite hostname="DESKTOP-SV05B4K" failures="0" tests="1" name="test.LoginValidation" time="20.746" errors="0" timestamp="2024-12-13T15:04:20 IST" skipped="0">
  <testcase classname="test.LoginValidation" name="LoginInvalidcrd" time="20.746"/>
</testsuite> <!-- test.LoginValidation -->
