<?xml version="1.0" encoding="UTF-8"?>
<!-- Generated by org.testng.reporters.JUnitReportReporter -->
<testsuite hostname="DESKTOP-7R46V5R" failures="0" tests="2" name="test.SignUpValidation" time="29.687" errors="0" timestamp="2024-12-19T20:13:11 IST" skipped="0">
  <testcase classname="test.SignUpValidation" name="SignUp" time="16.136"/>
  <system-out/>
  <testcase classname="test.SignUpValidation" name="capturetoastmessagesignup" time="13.551"/>
  <system-out/>
</testsuite> <!-- test.SignUpValidation -->
