<?xml version="1.0" encoding="UTF-8"?>
<!-- Generated by org.testng.reporters.JUnitReportReporter -->
<testsuite hostname="DESKTOP-7R46V5R" failures="0" tests="1" name="test.AssetAllocationValidation" time="59.269" errors="0" timestamp="2024-12-19T10:54:42 IST" skipped="0">
  <testcase classname="test.AssetAllocationValidation" name="portfoliodisplay" time="59.269"/>
  <system-out/>
</testsuite> <!-- test.AssetAllocationValidation -->
