<?xml version="1.0" encoding="UTF-8"?>
<!-- Generated by org.testng.reporters.JUnitReportReporter -->
<testsuite hostname="DESKTOP-7R46V5R" failures="0" tests="3" name="test.FileUploadValidation" time="69.988" errors="0" timestamp="2024-12-19T20:13:11 IST" skipped="0">
  <testcase classname="test.FileUploadValidation" name="uploadValidFile" time="23.206"/>
  <system-out/>
  <testcase classname="test.FileUploadValidation" name="wrongfileupload" time="22.930"/>
  <system-out/>
  <testcase classname="test.FileUploadValidation" name="setvalidParameter" time="23.852"/>
  <system-out/>
</testsuite> <!-- test.FileUploadValidation -->
