<?xml version="1.0" encoding="UTF-8"?>
<!-- Generated by org.testng.reporters.JUnitReportReporter -->
<testsuite hostname="DESKTOP-7R46V5R" failures="0" tests="1" name="test.SignUpValidation" time="17.802" errors="0" timestamp="2024-12-05T16:52:32 IST" skipped="0">
  <testcase classname="test.SignUpValidation" name="SignUp" time="17.802"/>
</testsuite> <!-- test.SignUpValidation -->
