<?xml version="1.0" encoding="UTF-8"?>
<!-- Generated by org.testng.reporters.JUnitReportReporter -->
<testsuite hostname="DESKTOP-7R46V5R" failures="0" tests="2" name="test.LoginValidation" time="24.323" errors="0" timestamp="2024-12-19T20:13:11 IST" skipped="0">
  <testcase classname="test.LoginValidation" name="logInvalidUser" time="12.490"/>
  <system-out/>
  <testcase classname="test.LoginValidation" name="loginInvalidUser" time="11.833"/>
  <system-out/>
</testsuite> <!-- test.LoginValidation -->
