<?xml version="1.0" encoding="UTF-8"?>
<!-- Generated by org.testng.reporters.JUnitReportReporter -->
<testsuite hostname="DESKTOP-SV05B4K" failures="0" tests="1" name="test.LoginValidation" time="11.725" errors="0" timestamp="2024-12-11T11:15:42 IST" skipped="0">
  <testcase classname="test.LoginValidation" name="Login" time="11.725"/>
</testsuite> <!-- test.LoginValidation -->
