<?xml version="1.0" encoding="UTF-8"?>
<!-- Generated by org.testng.reporters.JUnitReportReporter -->
<testsuite hostname="DESKTOP-SV05B4K" failures="0" tests="1" name="test.FileUploadValidation" time="27.168" errors="0" timestamp="2024-12-12T12:33:09 IST" skipped="0">
  <testcase classname="test.FileUploadValidation" name="FileUpload" time="27.168"/>
</testsuite> <!-- test.FileUploadValidation -->
