<?xml version="1.0" encoding="UTF-8"?>
<!-- Generated by org.testng.reporters.JUnitReportReporter -->
<testsuite hostname="DESKTOP-7R46V5R" failures="0" tests="9" name="test.FileValidation" time="312.883" errors="0" timestamp="2024-12-19T20:13:11 IST" skipped="0">
  <testcase classname="test.FileValidation" name="portfoliodisplaynew" time="50.124"/>
  <system-out/>
  <testcase classname="test.FileValidation" name="MonthlyPnlHeatmapReport" time="32.029"/>
  <system-out/>
  <testcase classname="test.FileValidation" name="DrawdownReport" time="36.301"/>
  <system-out/>
  <testcase classname="test.FileValidation" name="assetAllocationReport" time="31.696"/>
  <system-out/>
  <testcase classname="test.FileValidation" name="assetPerformanceReport" time="31.948"/>
  <system-out/>
  <testcase classname="test.FileValidation" name="portflioGrowthReport" time="31.822"/>
  <system-out/>
  <testcase classname="test.FileValidation" name="captureNoDataMessage" time="35.376"/>
  <system-out/>
  <testcase classname="test.FileValidation" name="portfoliologout" time="31.313"/>
  <system-out/>
  <testcase classname="test.FileValidation" name="MonthlyHeatmapReport" time="32.274"/>
  <system-out/>
</testsuite> <!-- test.FileValidation -->
