<?xml version="1.0" encoding="UTF-8"?>
<!-- Generated by org.testng.reporters.JUnitReportReporter -->
<testsuite hostname="DESKTOP-SV05B4K" failures="0" tests="1" name="test.SignUpnegativeValidation" time="13.351" errors="0" timestamp="2024-12-17T14:38:59 IST" skipped="0">
  <testcase classname="test.SignUpnegativeValidation" name="capturetoastmessagesignup" time="13.351"/>
  <system-out/>
</testsuite> <!-- test.SignUpnegativeValidation -->
