<?xml version="1.0" encoding="UTF-8"?>
<!-- Generated by org.testng.reporters.JUnitReportReporter -->
<testsuite hostname="DESKTOP-7R46V5R" failures="0" tests="1" name="test.AppStoreValidation" time="13.915" errors="0" timestamp="2024-12-19T20:13:11 IST" skipped="0">
  <testcase classname="test.AppStoreValidation" name="navigateToPlumVision" time="13.915"/>
  <system-out/>
</testsuite> <!-- test.AppStoreValidation -->
