<?xml version="1.0" encoding="UTF-8"?>
<!-- Generated by org.testng.reporters.JUnitReportReporter -->
<testsuite hostname="DESKTOP-SV05B4K" failures="0" tests="1" name="test.AppStoreValidation" time="15.500" errors="0" timestamp="2024-12-18T15:12:26 IST" skipped="0">
  <testcase classname="test.AppStoreValidation" name="Plumvision" time="15.500"/>
  <system-out/>
</testsuite> <!-- test.AppStoreValidation -->
