<?xml version="1.0" encoding="UTF-8"?>
<!-- Generated by org.testng.reporters.JUnitReportReporter -->
<testsuite hostname="DESKTOP-SV05B4K" failures="0" tests="1" name="test.FileUploadValidation" time="30.438" errors="0" timestamp="2024-12-12T15:56:13 IST" skipped="0">
  <testcase classname="test.FileUploadValidation" name="FileUpload" time="30.438"/>
</testsuite> <!-- test.FileUploadValidation -->
