<?xml version="1.0" encoding="UTF-8"?>
<!-- Generated by org.testng.reporters.JUnitReportReporter -->
<testsuite hostname="DESKTOP-7R46V5R" failures="0" tests="1" name="test.LoginValidation" time="9.396" errors="0" timestamp="2024-12-05T16:52:32 IST" skipped="0">
  <testcase classname="test.LoginValidation" name="Login" time="9.396"/>
</testsuite> <!-- test.LoginValidation -->
